# JRE version: Java(TM) SE Runtime Environment (17.0.10+11) (build 17.0.10+11-LTS-240)
# Java VM: Java HotSpot(TM) 64-Bit Server VM (17.0.10+11-LTS-240, mixed mode, sharing, tiered, compressed oops, compressed class ptrs, g1 gc, windows-amd64)
GC Precious Log:
 CPUs: 12 total, 12 available
 Memory: 16335M
 Large Page Support: Disabled
 NUMA Support: Disabled
 Compressed Oops: Enabled (Zero based)
 Heap Region Size: 2M
 Heap Min Capacity: 8M
 Heap Initial Capacity: 256M
 Heap Max Capacity: 3G
 Pre-touch: Disabled
 Parallel Workers: 10
 Concurrent Workers: 3
 Concurrent Refinement Workers: 10
 Periodic GC: Disabled
Heap:
 garbage-first heap   total 737280K, used 339009K [0x0000000740000000, 0x0000000800000000)
  region size 2048K, 3 young (6144K), 3 survivors (6144K)
 Metaspace       used 81303K, committed 82240K, reserved 1179648K
  class space    used 11083K, committed 11520K, reserved 1048576K
GC Heap History (20 events):
Event: 8058.766 GC heap after
{Heap after GC invocations=61 (full 0):
 garbage-first heap   total 567296K, used 172691K [0x0000000740000000, 0x0000000800000000)
  region size 2048K, 4 young (8192K), 4 survivors (8192K)
 Metaspace       used 81025K, committed 81920K, reserved 1179648K
  class space    used 11070K, committed 11520K, reserved 1048576K
}
Event: 8241.266 GC heap before
{Heap before GC invocations=61 (full 0):
 garbage-first heap   total 567296K, used 203411K [0x0000000740000000, 0x0000000800000000)
  region size 2048K, 13 young (26624K), 4 survivors (8192K)
 Metaspace       used 81183K, committed 82112K, reserved 1179648K
  class space    used 11076K, committed 11520K, reserved 1048576K
}
Event: 8241.297 GC heap after
{Heap after GC invocations=62 (full 0):
 garbage-first heap   total 567296K, used 169883K [0x0000000740000000, 0x0000000800000000)
  region size 2048K, 2 young (4096K), 2 survivors (4096K)
 Metaspace       used 81183K, committed 82112K, reserved 1179648K
  class space    used 11076K, committed 11520K, reserved 1048576K
}
Event: 8243.384 GC heap before
{Heap before GC invocations=62 (full 0):
 garbage-first heap   total 567296K, used 270235K [0x0000000740000000, 0x0000000800000000)
  region size 2048K, 13 young (26624K), 2 survivors (4096K)
 Metaspace       used 81246K, committed 82176K, reserved 1179648K
  class space    used 11081K, committed 11520K, reserved 1048576K
}
Event: 8243.409 GC heap after
{Heap after GC invocations=63 (full 0):
 garbage-first heap   total 567296K, used 171584K [0x0000000740000000, 0x0000000800000000)
  region size 2048K, 2 young (4096K), 2 survivors (4096K)
 Metaspace       used 81246K, committed 82176K, reserved 1179648K
  class space    used 11081K, committed 11520K, reserved 1048576K
}
Event: 8243.927 GC heap before
{Heap before GC invocations=63 (full 0):
 garbage-first heap   total 567296K, used 218688K [0x0000000740000000, 0x0000000800000000)
  region size 2048K, 6 young (12288K), 2 survivors (4096K)
 Metaspace       used 81269K, committed 82240K, reserved 1179648K
  class space    used 11081K, committed 11520K, reserved 1048576K
}
Event: 8243.956 GC heap after
{Heap after GC invocations=64 (full 0):
 garbage-first heap   total 567296K, used 171630K [0x0000000740000000, 0x0000000800000000)
  region size 2048K, 2 young (4096K), 2 survivors (4096K)
 Metaspace       used 81269K, committed 82240K, reserved 1179648K
  class space    used 11081K, committed 11520K, reserved 1048576K
}
Event: 8244.338 GC heap before
{Heap before GC invocations=64 (full 0):
 garbage-first heap   total 567296K, used 259694K [0x0000000740000000, 0x0000000800000000)
  region size 2048K, 4 young (8192K), 2 survivors (4096K)
 Metaspace       used 81270K, committed 82240K, reserved 1179648K
  class space    used 11081K, committed 11520K, reserved 1048576K
}
Event: 8244.342 GC heap after
{Heap after GC invocations=65 (full 0):
 garbage-first heap   total 567296K, used 171679K [0x0000000740000000, 0x0000000800000000)
  region size 2048K, 2 young (4096K), 2 survivors (4096K)
 Metaspace       used 81270K, committed 82240K, reserved 1179648K
  class space    used 11081K, committed 11520K, reserved 1048576K
}
Event: 8244.462 GC heap before
{Heap before GC invocations=65 (full 0):
 garbage-first heap   total 567296K, used 265887K [0x0000000740000000, 0x0000000800000000)
  region size 2048K, 8 young (16384K), 2 survivors (4096K)
 Metaspace       used 81280K, committed 82240K, reserved 1179648K
  class space    used 11081K, committed 11520K, reserved 1048576K
}
Event: 8244.467 GC heap after
{Heap after GC invocations=66 (full 0):
 garbage-first heap   total 567296K, used 218888K [0x0000000740000000, 0x0000000800000000)
  region size 2048K, 2 young (4096K), 2 survivors (4096K)
 Metaspace       used 81280K, committed 82240K, reserved 1179648K
  class space    used 11081K, committed 11520K, reserved 1048576K
}
Event: 8256.244 GC heap before
{Heap before GC invocations=66 (full 0):
 garbage-first heap   total 567296K, used 495368K [0x0000000740000000, 0x0000000800000000)
  region size 2048K, 120 young (245760K), 2 survivors (4096K)
 Metaspace       used 81303K, committed 82240K, reserved 1179648K
  class space    used 11083K, committed 11520K, reserved 1048576K
}
Event: 8268.638 GC heap after
{Heap after GC invocations=67 (full 0):
 garbage-first heap   total 737280K, used 263851K [0x0000000740000000, 0x0000000800000000)
  region size 2048K, 15 young (30720K), 15 survivors (30720K)
 Metaspace       used 81303K, committed 82240K, reserved 1179648K
  class space    used 11083K, committed 11520K, reserved 1048576K
}
Event: 8268.674 GC heap before
{Heap before GC invocations=67 (full 0):
 garbage-first heap   total 737280K, used 269995K [0x0000000740000000, 0x0000000800000000)
  region size 2048K, 18 young (36864K), 15 survivors (30720K)
 Metaspace       used 81303K, committed 82240K, reserved 1179648K
  class space    used 11083K, committed 11520K, reserved 1048576K
}
Event: 8268.694 GC heap after
{Heap after GC invocations=68 (full 0):
 garbage-first heap   total 737280K, used 265922K [0x0000000740000000, 0x0000000800000000)
  region size 2048K, 3 young (6144K), 3 survivors (6144K)
 Metaspace       used 81303K, committed 82240K, reserved 1179648K
  class space    used 11083K, committed 11520K, reserved 1048576K
}
Event: 8268.776 GC heap before
{Heap before GC invocations=68 (full 0):
 garbage-first heap   total 737280K, used 296642K [0x0000000740000000, 0x0000000800000000)
  region size 2048K, 18 young (36864K), 3 survivors (6144K)
 Metaspace       used 81303K, committed 82240K, reserved 1179648K
  class space    used 11083K, committed 11520K, reserved 1048576K
}
Event: 8268.817 GC heap after
{Heap after GC invocations=69 (full 0):
 garbage-first heap   total 737280K, used 291403K [0x0000000740000000, 0x0000000800000000)
  region size 2048K, 3 young (6144K), 3 survivors (6144K)
 Metaspace       used 81303K, committed 82240K, reserved 1179648K
  class space    used 11083K, committed 11520K, reserved 1048576K
}
Event: 8268.920 GC heap before
{Heap before GC invocations=69 (full 0):
 garbage-first heap   total 737280K, used 322123K [0x0000000740000000, 0x0000000800000000)
  region size 2048K, 18 young (36864K), 3 survivors (6144K)
 Metaspace       used 81303K, committed 82240K, reserved 1179648K
  class space    used 11083K, committed 11520K, reserved 1048576K
}
Event: 8268.946 GC heap after
{Heap after GC invocations=70 (full 0):
 garbage-first heap   total 737280K, used 321536K [0x0000000740000000, 0x0000000800000000)
  region size 2048K, 3 young (6144K), 3 survivors (6144K)
 Metaspace       used 81303K, committed 82240K, reserved 1179648K
  class space    used 11083K, committed 11520K, reserved 1048576K
}
Event: 8269.055 GC heap before
{Heap before GC invocations=70 (full 0):
 garbage-first heap   total 737280K, used 350208K [0x0000000740000000, 0x0000000800000000)
  region size 2048K, 18 young (36864K), 3 survivors (6144K)
 Metaspace       used 81303K, committed 82240K, reserved 1179648K
  class space    used 11083K, committed 11520K, reserved 1048576K
}

